<?xml version="1.0" encoding="UTF-8"?>
<!-- Generated by org.testng.reporters.JUnitXMLReporter -->
<testsuite ignored="0" hostname="LAPTOP-EGGV59UT" failures="1" tests="4" name="Test" time="13.441" errors="0" timestamp="2024-10-01T12:35:26 IST">
  <testcase classname="testng.DemoLogin" name="setup" time="6.833"/>
  <testcase classname="testng.DemoLogin" name="FullName" time="0.109"/>
  <testcase classname="testng.DemoLogin" name="EnterEmail" time="0.119"/>
  <testcase classname="testng.DemoLogin" name="click_On_signup_button" time="1.159">
    <failure type="java.lang.AssertionError" message="expected [ENTER ACCOUNT INFORMATION] but found [ENTER... ACCOUNT INFORMATION]">
      <![CDATA[java.lang.AssertionError: expected [ENTER ACCOUNT INFORMATION] but found [ENTER... ACCOUNT INFORMATION]
at testng.DemoLogin.click_On_signup_button(DemoLogin.java:70)
at java.base/java.util.ArrayList.forEach(ArrayList.java:1511)
... Removed 33 stack frames]]>
    </failure>
  </testcase> <!-- click_On_signup_button -->
</testsuite> <!-- Test -->
