<?xml version="1.0" encoding="UTF-8"?>
<testng-results ignored="0" total="4" passed="4" failed="0" skipped="0">
  <reporter-output>
  </reporter-output>
  <suite started-at="2024-08-28T16:20:01 IST" name="Suite" finished-at="2024-08-28T16:20:26 IST" duration-ms="25431">
    <groups>
      <group name="smoke">
        <method signature="DemoLogin.setup(java.lang.String)[pri:0, instance:Testngdemo.DemoLogin@6adbc9d]" name="setup" class="Testngdemo.DemoLogin"/>
        <method signature="DemoLogin.logindata()[pri:1, instance:Testngdemo.DemoLogin@6adbc9d]" name="logindata" class="Testngdemo.DemoLogin"/>
        <method signature="DemoLogin.setup(java.lang.String)[pri:0, instance:Testngdemo.DemoLogin@175c2241]" name="setup" class="Testngdemo.DemoLogin"/>
        <method signature="DemoLogin.logindata()[pri:1, instance:Testngdemo.DemoLogin@175c2241]" name="logindata" class="Testngdemo.DemoLogin"/>
      </group> <!-- smoke -->
    </groups>
    <test started-at="2024-08-28T16:20:01 IST" name="Test" finished-at="2024-08-28T16:20:16 IST" duration-ms="15457">
      <class name="Testngdemo.DemoLogin">
        <test-method signature="setup(java.lang.String)[pri:0, instance:Testngdemo.DemoLogin@6adbc9d]" started-at="2024-08-28T16:20:01 IST" name="setup" finished-at="2024-08-28T16:20:15 IST" duration-ms="14799" status="PASS">
          <params>
            <param index="0">
              <value>
                <![CDATA[chrome]]>
              </value>
            </param>
          </params>
          <reporter-output>
          </reporter-output>
        </test-method> <!-- setup -->
        <test-method signature="logindata()[pri:1, instance:Testngdemo.DemoLogin@6adbc9d]" started-at="2024-08-28T16:20:15 IST" name="logindata" finished-at="2024-08-28T16:20:16 IST" duration-ms="593" status="PASS">
          <reporter-output>
          </reporter-output>
        </test-method> <!-- logindata -->
      </class> <!-- Testngdemo.DemoLogin -->
    </test> <!-- Test -->
    <test started-at="2024-08-28T16:20:16 IST" name="Test1" finished-at="2024-08-28T16:20:26 IST" duration-ms="9916">
      <class name="Testngdemo.DemoLogin">
        <test-method signature="setup(java.lang.String)[pri:0, instance:Testngdemo.DemoLogin@175c2241]" started-at="2024-08-28T16:20:16 IST" name="setup" finished-at="2024-08-28T16:20:25 IST" duration-ms="8478" status="PASS">
          <params>
            <param index="0">
              <value>
                <![CDATA[edge]]>
              </value>
            </param>
          </params>
          <reporter-output>
          </reporter-output>
        </test-method> <!-- setup -->
        <test-method signature="logindata()[pri:1, instance:Testngdemo.DemoLogin@175c2241]" started-at="2024-08-28T16:20:25 IST" name="logindata" finished-at="2024-08-28T16:20:26 IST" duration-ms="1431" status="PASS">
          <reporter-output>
          </reporter-output>
        </test-method> <!-- logindata -->
      </class> <!-- Testngdemo.DemoLogin -->
    </test> <!-- Test1 -->
  </suite> <!-- Suite -->
</testng-results>
