<?xml version="1.0" encoding="UTF-8"?>
<testng-results ignored="0" total="1" passed="1" failed="0" skipped="0">
  <reporter-output>
  </reporter-output>
  <suite started-at="2024-09-14T13:28:38 IST" name="Default suite" finished-at="2024-09-14T13:28:51 IST" duration-ms="12909">
    <groups>
    </groups>
    <test started-at="2024-09-14T13:28:38 IST" name="Default test" finished-at="2024-09-14T13:28:51 IST" duration-ms="12909">
      <class name="TestngPom.TestDriver">
        <test-method is-config="true" signature="setup()[pri:0, instance:TestngPom.TestDriver@5c33f1a9]" started-at="2024-09-14T13:28:38 IST" name="setup" finished-at="2024-09-14T13:28:48 IST" duration-ms="9774" status="PASS">
          <reporter-output>
          </reporter-output>
        </test-method> <!-- setup -->
        <test-method signature="verify_homePage()[pri:0, instance:TestngPom.TestDriver@5c33f1a9]" started-at="2024-09-14T13:28:48 IST" name="verify_homePage" finished-at="2024-09-14T13:28:51 IST" duration-ms="3080" status="PASS">
          <reporter-output>
          </reporter-output>
        </test-method> <!-- verify_homePage -->
      </class> <!-- TestngPom.TestDriver -->
    </test> <!-- Default test -->
  </suite> <!-- Default suite -->
</testng-results>
