<?xml version="1.0" encoding="UTF-8"?>
<!-- Generated by org.testng.reporters.JUnitXMLReporter -->
<testsuite ignored="0" hostname="LAPTOP-EGGV59UT" failures="0" tests="3" name="Test" time="5.816" errors="0" timestamp="2024-09-25T13:45:54 IST">
  <testcase classname="testngdemo.TestNgGroupexecution" name="FullName" time="0.193"/>
  <testcase classname="testngdemo.TestNgGroupexecution" name="EnterEmail" time="0.31"/>
  <testcase classname="testngdemo.TestNgGroupexecution" name="click_On_signup_button" time="1.179"/>
</testsuite> <!-- Test -->
