<?xml version="1.0" encoding="UTF-8"?>
<testng-results ignored="0" total="1" passed="1" failed="0" skipped="0">
  <reporter-output>
  </reporter-output>
  <suite started-at="2024-11-06T12:00:10 IST" name="Default suite" finished-at="2024-11-06T12:00:28 IST" duration-ms="18530">
    <groups>
    </groups>
    <test started-at="2024-11-06T12:00:10 IST" name="Default test" finished-at="2024-11-06T12:00:28 IST" duration-ms="18530">
      <class name="testcase.LoginTest">
        <test-method signature="testexecution()[pri:0, instance:testcase.LoginTest@57a3af25]" started-at="2024-11-06T12:00:10 IST" name="testexecution" finished-at="2024-11-06T12:00:28 IST" duration-ms="18307" status="PASS">
          <reporter-output>
          </reporter-output>
        </test-method> <!-- testexecution -->
        <test-method is-config="true" signature="teardown()[pri:0, instance:testcase.LoginTest@57a3af25]" started-at="2024-11-06T12:00:28 IST" name="teardown" finished-at="2024-11-06T12:00:28 IST" duration-ms="154" status="PASS">
          <reporter-output>
          </reporter-output>
        </test-method> <!-- teardown -->
      </class> <!-- testcase.LoginTest -->
    </test> <!-- Default test -->
  </suite> <!-- Default suite -->
</testng-results>
