<?xml version="1.0" encoding="UTF-8"?>
<!-- Generated by org.testng.reporters.JUnitXMLReporter -->
<testsuite ignored="0" hostname="LAPTOP-EGGV59UT" failures="0" tests="4" name="Default test" time="9.173" errors="0" timestamp="2024-08-05T11:40:04 IST">
  <testcase classname="Testngdemo.DemoLogin" name="setup" time="6.601"/>
  <testcase classname="Testngdemo.DemoLogin" name="logindata" time="0.815"/>
  <testcase classname="Testngdemo.DemoLogin" name="click_on_Login_Button" time="1.532"/>
  <testcase classname="Testngdemo.DemoLogin" name="teardown" time="0.149"/>
</testsuite> <!-- Default test -->
