<?xml version="1.0" encoding="UTF-8"?>
<!-- Generated by org.testng.reporters.JUnitXMLReporter -->
<testsuite ignored="0" hostname="LAPTOP-EGGV59UT" failures="0" tests="4" name="Test" time="0.077" errors="0" timestamp="2024-08-18T13:53:06 IST">
  <testcase classname="listerners.TetngListernsExecutionfromthis" name="test1" time="0.01"/>
  <testcase classname="listerners.TetngListernsExecutionfromthis" name="test2" time="0.002"/>
  <testcase classname="listerners.TetngListernsExecutionfromthis" name="test3" time="0.002"/>
  <testcase classname="listerners.TetngListernsExecutionfromthis" name="test4" time="0.002"/>
</testsuite> <!-- Test -->
