<?xml version="1.0" encoding="UTF-8"?>
<!-- Generated by org.testng.reporters.JUnitXMLReporter -->
<testsuite ignored="2" hostname="LAPTOP-EGGV59UT" failures="0" tests="2" name="Test" time="15.457" errors="0" timestamp="2024-08-28T16:20:16 IST">
  <testcase classname="Testngdemo.DemoLogin" name="setup" time="14.799"/>
  <testcase classname="Testngdemo.DemoLogin" name="logindata" time="0.593"/>
  <testcase classname="Testngdemo.DemoLogin" name="teardown" time="0.0">
    <ignored/>
  </testcase> <!-- teardown -->
  <testcase classname="Testngdemo.DemoLogin" name="click_on_Login_Button" time="0.0">
    <ignored/>
  </testcase> <!-- click_on_Login_Button -->
</testsuite> <!-- Test -->
